[2022/03/27 15:58:55.385] - Starting server with initial configuration: {"gasLimit":6721975,"gasPrice":20000000000,"hardfork":"muirGlacier","hostname":"192.168.2.6","port":7545,"network_id":5777,"default_balance_ether":500,"total_accounts":10,"unlocked_accounts":[],"locked":false,"vmErrorsOnRPCResponse":true,"verbose":false,"db_path":"C:\\Users\\Gebruiker\\AppData\\Roaming\\Ganache\\workspaces\\nifty-airplane\\chaindata","logDirectory":"C:\\Users\\Gebruiker\\GitHub\\feliz-domingo-flutter-ganache-solidity-web3"}
[2022/03/27 15:58:55.813] - eth_subscribe
[2022/03/27 15:58:55.814] - eth_getLogs
[2022/03/27 15:58:55.816] - eth_subscribe
[2022/03/27 15:58:55.876] - eth_subscribe
[2022/03/27 15:58:55.878] - eth_getLogs
[2022/03/27 15:58:55.879] - eth_subscribe
[2022/03/27 15:58:55.941] - eth_blockNumber
[2022/03/27 15:58:55.943] - eth_accounts
[2022/03/27 15:58:55.944] - eth_blockNumber
[2022/03/27 15:58:55.946] - eth_gasPrice
[2022/03/27 15:58:55.948] - eth_accounts
[2022/03/27 15:58:55.949] - eth_getBlockByNumber
[2022/03/27 15:58:55.950] - eth_gasPrice
[2022/03/27 15:58:55.951] - eth_subscribe
[2022/03/27 15:58:55.952] - eth_getBlockByNumber
[2022/03/27 15:58:55.953] - eth_subscribe
[2022/03/27 15:58:55.957] - eth_accounts
[2022/03/27 15:58:55.980] - eth_getBalance
[2022/03/27 15:58:55.983] - eth_getTransactionCount
[2022/03/27 15:58:55.986] - eth_getBalance
[2022/03/27 15:58:55.997] - eth_getTransactionCount
[2022/03/27 15:58:56.002] - eth_getBalance
[2022/03/27 15:58:56.009] - eth_getTransactionCount
[2022/03/27 15:58:56.010] - eth_getBalance
[2022/03/27 15:58:56.016] - eth_getTransactionCount
[2022/03/27 15:58:56.019] - eth_getBalance
[2022/03/27 15:58:56.022] - eth_getTransactionCount
[2022/03/27 15:58:56.025] - eth_getBalance
[2022/03/27 15:58:56.030] - eth_getTransactionCount
[2022/03/27 15:58:56.036] - eth_getBalance
[2022/03/27 15:58:56.038] - eth_getTransactionCount
[2022/03/27 15:58:56.042] - eth_getBalance
[2022/03/27 15:58:56.046] - eth_getTransactionCount
[2022/03/27 15:58:56.052] - eth_getBalance
[2022/03/27 15:58:56.053] - eth_getTransactionCount
[2022/03/27 15:58:56.055] - eth_getBalance
[2022/03/27 15:58:56.057] - eth_getTransactionCount
[2022/03/27 15:58:56.070] - eth_getBalance
[2022/03/27 15:58:56.072] - eth_getTransactionCount
[2022/03/27 15:58:56.075] - eth_getBalance
[2022/03/27 15:58:56.081] - eth_getTransactionCount
[2022/03/27 15:58:56.084] - eth_getBalance
[2022/03/27 15:58:56.086] - eth_getTransactionCount
[2022/03/27 15:58:56.088] - eth_getBalance
[2022/03/27 15:58:56.089] - eth_getTransactionCount
[2022/03/27 15:58:56.097] - eth_getBalance
[2022/03/27 15:58:56.100] - eth_getTransactionCount
[2022/03/27 15:58:56.103] - eth_getBalance
[2022/03/27 15:58:56.105] - eth_getTransactionCount
[2022/03/27 15:58:56.108] - eth_getBalance
[2022/03/27 15:58:56.110] - eth_getTransactionCount
[2022/03/27 15:58:56.121] - eth_getBalance
[2022/03/27 15:58:56.122] - eth_getTransactionCount
[2022/03/27 15:58:56.123] - eth_getBalance
[2022/03/27 15:58:56.125] - eth_getTransactionCount
[2022/03/27 15:58:56.127] - eth_getBalance
[2022/03/27 15:58:56.133] - eth_getTransactionCount
[2022/03/27 15:58:56.136] - eth_getBalance
[2022/03/27 15:58:56.140] - eth_getTransactionCount
[2022/03/27 15:58:56.144] - eth_getBalance
[2022/03/27 15:58:56.147] - eth_getTransactionCount
[2022/03/27 15:58:56.150] - eth_getBalance
[2022/03/27 15:58:56.151] - eth_getTransactionCount
[2022/03/27 15:58:56.155] - eth_getBalance
[2022/03/27 15:58:56.156] - eth_getTransactionCount
[2022/03/27 15:58:56.160] - eth_getBalance
[2022/03/27 15:58:56.165] - eth_getTransactionCount
[2022/03/27 15:58:56.168] - eth_getBalance
[2022/03/27 15:58:56.173] - eth_getTransactionCount
[2022/03/27 15:58:56.174] - eth_getBalance
[2022/03/27 15:58:56.179] - eth_getTransactionCount
[2022/03/27 15:58:56.182] - eth_getBalance
[2022/03/27 15:58:56.184] - eth_getTransactionCount
[2022/03/27 15:58:56.189] - eth_getBalance
[2022/03/27 15:58:56.193] - eth_getTransactionCount
[2022/03/27 15:58:56.196] - eth_getBalance
[2022/03/27 15:58:56.199] - eth_getTransactionCount
[2022/03/27 15:58:56.245] - eth_getBalance
[2022/03/27 15:58:56.249] - eth_getTransactionCount
[2022/03/27 15:58:56.250] - eth_getBalance
[2022/03/27 15:58:56.253] - eth_getTransactionCount
[2022/03/27 15:58:56.255] - eth_getBalance
[2022/03/27 15:58:56.257] - eth_getTransactionCount
[2022/03/27 15:58:56.260] - eth_getBalance
[2022/03/27 15:58:56.262] - eth_getTransactionCount
[2022/03/27 15:58:56.265] - eth_getBalance
[2022/03/27 15:58:56.268] - eth_getTransactionCount
[2022/03/27 15:58:56.270] - eth_getBalance
[2022/03/27 15:58:56.273] - eth_getTransactionCount
[2022/03/27 15:58:56.275] - eth_getBalance
[2022/03/27 15:58:56.278] - eth_getTransactionCount
[2022/03/27 15:58:56.282] - eth_getBalance
[2022/03/27 15:58:56.284] - eth_getTransactionCount
[2022/03/27 15:58:56.288] - eth_getBalance
[2022/03/27 15:58:56.291] - eth_getTransactionCount
